<?xml version="1.0" encoding="UTF-8"?>
<!-- Generated by org.testng.reporters.JUnitXMLReporter -->
<testsuite hostname="DESKTOP-HU3IM2H" ignored="0" name="DoodleSearch" tests="1" failures="1" timestamp="2021-09-10T13:36:30 IST" time="17.254" errors="0">
  <testcase name="happySearch" time="4.794" classname="Revision.SelfProject2.FeelingLuckyTest">
    <failure type="java.lang.AssertionError" message="expected [true] but found [false]">
      <![CDATA[java.lang.AssertionError: expected [true] but found [false]
at Revision.SelfProject2.FeelingLuckyTest.happySearch(FeelingLuckyTest.java:26)
at java.util.ArrayList.forEach(ArrayList.java:1259)
at java.util.concurrent.FutureTask.run(FutureTask.java:266)
at java.util.concurrent.ThreadPoolExecutor.runWorker(ThreadPoolExecutor.java:1149)
at java.util.concurrent.ThreadPoolExecutor$Worker.run(ThreadPoolExecutor.java:624)
at java.lang.Thread.run(Thread.java:748)
... Removed 22 stack frames]]>
    </failure>
  </testcase> <!-- happySearch -->
</testsuite> <!-- DoodleSearch -->
