<?xml version="1.0" encoding="UTF-8"?>
<testng-results ignored="0" total="4" passed="2" failed="2" skipped="0">
  <reporter-output>
  </reporter-output>
  <suite started-at="2021-09-10T19:08:09 IST" name="Default suite" finished-at="2021-09-10T19:08:32 IST" duration-ms="23009">
    <groups>
    </groups>
    <test started-at="2021-09-10T19:08:09 IST" name="Default test" finished-at="2021-09-10T19:08:32 IST" duration-ms="23009">
      <class name="Revision.SelfProject2.GoogleSearchTest">
        <test-method is-config="true" signature="bLaunch()[pri:0, instance:Revision.SelfProject2.GoogleSearchTest@48a12036]" started-at="2021-09-10T19:08:09 IST" name="bLaunch" finished-at="2021-09-10T19:08:11 IST" duration-ms="2450" status="PASS">
          <reporter-output>
          </reporter-output>
        </test-method> <!-- bLaunch -->
        <test-method is-config="true" signature="lPage()[pri:0, instance:Revision.SelfProject2.GoogleSearchTest@48a12036]" started-at="2021-09-10T19:08:12 IST" name="lPage" finished-at="2021-09-10T19:08:14 IST" duration-ms="1823" status="PASS">
          <reporter-output>
          </reporter-output>
        </test-method> <!-- lPage -->
        <test-method signature="SearchTest(java.lang.String,java.lang.String)[pri:0, instance:Revision.SelfProject2.GoogleSearchTest@48a12036]" started-at="2021-09-10T19:08:14 IST" name="SearchTest" data-provider="ExcelData" finished-at="2021-09-10T19:08:21 IST" duration-ms="6344" status="PASS">
          <params>
            <param index="0">
              <value>
                <![CDATA[Positive]]>
              </value>
            </param>
            <param index="1">
              <value>
                <![CDATA[Nitin]]>
              </value>
            </param>
          </params>
          <reporter-output>
          </reporter-output>
        </test-method> <!-- SearchTest -->
        <test-method is-config="true" signature="lPage()[pri:0, instance:Revision.SelfProject2.GoogleSearchTest@48a12036]" started-at="2021-09-10T19:08:21 IST" name="lPage" finished-at="2021-09-10T19:08:22 IST" duration-ms="1735" status="PASS">
          <reporter-output>
          </reporter-output>
        </test-method> <!-- lPage -->
        <test-method signature="SearchTest(java.lang.String,java.lang.String)[pri:0, instance:Revision.SelfProject2.GoogleSearchTest@48a12036]" started-at="2021-09-10T19:08:22 IST" name="SearchTest" data-provider="ExcelData" finished-at="2021-09-10T19:08:24 IST" duration-ms="1602" status="FAIL">
          <params>
            <param index="0">
              <value>
                <![CDATA[Negative]]>
              </value>
            </param>
            <param index="1">
              <value>
                <![CDATA[n3984568384538465843]]>
              </value>
            </param>
          </params>
          <exception class="java.lang.AssertionError">
            <message>
              <![CDATA[expected [true] but found [false]]]>
            </message>
            <full-stacktrace>
              <![CDATA[java.lang.AssertionError: expected [true] but found [false]
at org.testng.Assert.fail(Assert.java:99)
at org.testng.Assert.failNotEquals(Assert.java:1037)
at org.testng.Assert.assertTrue(Assert.java:45)
at org.testng.Assert.assertTrue(Assert.java:55)
at Revision.SelfProject2.GoogleSearchTest.SearchTest(GoogleSearchTest.java:51)
at java.base/jdk.internal.reflect.NativeMethodAccessorImpl.invoke0(Native Method)
at java.base/jdk.internal.reflect.NativeMethodAccessorImpl.invoke(NativeMethodAccessorImpl.java:78)
at java.base/jdk.internal.reflect.DelegatingMethodAccessorImpl.invoke(DelegatingMethodAccessorImpl.java:43)
at java.base/java.lang.reflect.Method.invoke(Method.java:567)
at org.testng.internal.MethodInvocationHelper.invokeMethod(MethodInvocationHelper.java:133)
at org.testng.internal.TestInvoker.invokeMethod(TestInvoker.java:598)
at org.testng.internal.TestInvoker.invokeTestMethod(TestInvoker.java:173)
at org.testng.internal.MethodRunner.runInSequence(MethodRunner.java:46)
at org.testng.internal.TestInvoker$MethodInvocationAgent.invoke(TestInvoker.java:824)
at org.testng.internal.TestInvoker.invokeTestMethods(TestInvoker.java:146)
at org.testng.internal.TestMethodWorker.invokeTestMethods(TestMethodWorker.java:146)
at org.testng.internal.TestMethodWorker.run(TestMethodWorker.java:128)
at java.base/java.util.ArrayList.forEach(ArrayList.java:1511)
at org.testng.TestRunner.privateRun(TestRunner.java:794)
at org.testng.TestRunner.run(TestRunner.java:596)
at org.testng.SuiteRunner.runTest(SuiteRunner.java:377)
at org.testng.SuiteRunner.runSequentially(SuiteRunner.java:371)
at org.testng.SuiteRunner.privateRun(SuiteRunner.java:332)
at org.testng.SuiteRunner.run(SuiteRunner.java:276)
at org.testng.SuiteRunnerWorker.runSuite(SuiteRunnerWorker.java:53)
at org.testng.SuiteRunnerWorker.run(SuiteRunnerWorker.java:96)
at org.testng.TestNG.runSuitesSequentially(TestNG.java:1212)
at org.testng.TestNG.runSuitesLocally(TestNG.java:1134)
at org.testng.TestNG.runSuites(TestNG.java:1063)
at org.testng.TestNG.run(TestNG.java:1031)
at org.testng.remote.AbstractRemoteTestNG.run(AbstractRemoteTestNG.java:115)
at org.testng.remote.RemoteTestNG.initAndRun(RemoteTestNG.java:251)
at org.testng.remote.RemoteTestNG.main(RemoteTestNG.java:77)
]]>
            </full-stacktrace>
          </exception> <!-- java.lang.AssertionError -->
          <reporter-output>
          </reporter-output>
        </test-method> <!-- SearchTest -->
        <test-method is-config="true" signature="lPage()[pri:0, instance:Revision.SelfProject2.GoogleSearchTest@48a12036]" started-at="2021-09-10T19:08:24 IST" name="lPage" finished-at="2021-09-10T19:08:25 IST" duration-ms="1187" status="PASS">
          <reporter-output>
          </reporter-output>
        </test-method> <!-- lPage -->
        <test-method signature="SearchTest(java.lang.String,java.lang.String)[pri:0, instance:Revision.SelfProject2.GoogleSearchTest@48a12036]" started-at="2021-09-10T19:08:25 IST" name="SearchTest" data-provider="ExcelData" finished-at="2021-09-10T19:08:26 IST" duration-ms="1364" status="FAIL">
          <params>
            <param index="0">
              <value>
                <![CDATA[Negative]]>
              </value>
            </param>
            <param index="1">
              <value>
                <![CDATA[w3984568384538465843]]>
              </value>
            </param>
          </params>
          <exception class="java.lang.AssertionError">
            <message>
              <![CDATA[expected [true] but found [false]]]>
            </message>
            <full-stacktrace>
              <![CDATA[java.lang.AssertionError: expected [true] but found [false]
at org.testng.Assert.fail(Assert.java:99)
at org.testng.Assert.failNotEquals(Assert.java:1037)
at org.testng.Assert.assertTrue(Assert.java:45)
at org.testng.Assert.assertTrue(Assert.java:55)
at Revision.SelfProject2.GoogleSearchTest.SearchTest(GoogleSearchTest.java:51)
at java.base/jdk.internal.reflect.NativeMethodAccessorImpl.invoke0(Native Method)
at java.base/jdk.internal.reflect.NativeMethodAccessorImpl.invoke(NativeMethodAccessorImpl.java:78)
at java.base/jdk.internal.reflect.DelegatingMethodAccessorImpl.invoke(DelegatingMethodAccessorImpl.java:43)
at java.base/java.lang.reflect.Method.invoke(Method.java:567)
at org.testng.internal.MethodInvocationHelper.invokeMethod(MethodInvocationHelper.java:133)
at org.testng.internal.TestInvoker.invokeMethod(TestInvoker.java:598)
at org.testng.internal.TestInvoker.invokeTestMethod(TestInvoker.java:173)
at org.testng.internal.MethodRunner.runInSequence(MethodRunner.java:46)
at org.testng.internal.TestInvoker$MethodInvocationAgent.invoke(TestInvoker.java:824)
at org.testng.internal.TestInvoker.invokeTestMethods(TestInvoker.java:146)
at org.testng.internal.TestMethodWorker.invokeTestMethods(TestMethodWorker.java:146)
at org.testng.internal.TestMethodWorker.run(TestMethodWorker.java:128)
at java.base/java.util.ArrayList.forEach(ArrayList.java:1511)
at org.testng.TestRunner.privateRun(TestRunner.java:794)
at org.testng.TestRunner.run(TestRunner.java:596)
at org.testng.SuiteRunner.runTest(SuiteRunner.java:377)
at org.testng.SuiteRunner.runSequentially(SuiteRunner.java:371)
at org.testng.SuiteRunner.privateRun(SuiteRunner.java:332)
at org.testng.SuiteRunner.run(SuiteRunner.java:276)
at org.testng.SuiteRunnerWorker.runSuite(SuiteRunnerWorker.java:53)
at org.testng.SuiteRunnerWorker.run(SuiteRunnerWorker.java:96)
at org.testng.TestNG.runSuitesSequentially(TestNG.java:1212)
at org.testng.TestNG.runSuitesLocally(TestNG.java:1134)
at org.testng.TestNG.runSuites(TestNG.java:1063)
at org.testng.TestNG.run(TestNG.java:1031)
at org.testng.remote.AbstractRemoteTestNG.run(AbstractRemoteTestNG.java:115)
at org.testng.remote.RemoteTestNG.initAndRun(RemoteTestNG.java:251)
at org.testng.remote.RemoteTestNG.main(RemoteTestNG.java:77)
]]>
            </full-stacktrace>
          </exception> <!-- java.lang.AssertionError -->
          <reporter-output>
          </reporter-output>
        </test-method> <!-- SearchTest -->
        <test-method is-config="true" signature="lPage()[pri:0, instance:Revision.SelfProject2.GoogleSearchTest@48a12036]" started-at="2021-09-10T19:08:26 IST" name="lPage" finished-at="2021-09-10T19:08:28 IST" duration-ms="1158" status="PASS">
          <reporter-output>
          </reporter-output>
        </test-method> <!-- lPage -->
        <test-method signature="SearchTest(java.lang.String,java.lang.String)[pri:0, instance:Revision.SelfProject2.GoogleSearchTest@48a12036]" started-at="2021-09-10T19:08:28 IST" name="SearchTest" data-provider="ExcelData" finished-at="2021-09-10T19:08:32 IST" duration-ms="4128" status="PASS">
          <params>
            <param index="0">
              <value>
                <![CDATA[Positive]]>
              </value>
            </param>
            <param index="1">
              <value>
                <![CDATA[John Cena]]>
              </value>
            </param>
          </params>
          <reporter-output>
          </reporter-output>
        </test-method> <!-- SearchTest -->
        <test-method is-config="true" signature="cBrowser()[pri:0, instance:Revision.SelfProject2.GoogleSearchTest@48a12036]" started-at="2021-09-10T19:08:32 IST" name="cBrowser" finished-at="2021-09-10T19:08:32 IST" duration-ms="242" status="PASS">
          <reporter-output>
          </reporter-output>
        </test-method> <!-- cBrowser -->
      </class> <!-- Revision.SelfProject2.GoogleSearchTest -->
    </test> <!-- Default test -->
  </suite> <!-- Default suite -->
</testng-results>
